<?xml version="1.0" encoding="UTF-8"?>
<!-- Generated by org.testng.reporters.JUnitReportReporter -->
<testsuite hostname="SeenaReddy" failures="0" tests="4" name="com.testscenarios.TS_001_CreateAnAccount" time="22.377" errors="0" timestamp="2022-12-27T19:34:41 CST" skipped="0">
  <testcase classname="com.testscenarios.TS_001_CreateAnAccount" name="tc_003" time="3.429"/>
  <system-out/>
  <testcase classname="com.testscenarios.TS_001_CreateAnAccount" name="tc_001" time="7.916"/>
  <system-out/>
  <testcase classname="com.testscenarios.TS_001_CreateAnAccount" name="tc_002" time="4.613"/>
  <system-out/>
  <testcase classname="com.testscenarios.TS_001_CreateAnAccount" name="tc_004" time="6.419"/>
  <system-out/>
</testsuite> <!-- com.testscenarios.TS_001_CreateAnAccount -->
