<?xml version="1.0" encoding="UTF-8"?>
<!-- Generated by org.testng.reporters.JUnitReportReporter -->
<testsuite hostname="SeenaReddy" failures="0" tests="1" name="com.testscenarios.TS_002_JRIsignin" time="31.387" errors="0" timestamp="2022-12-29T19:45:17 CST" skipped="0">
  <testcase classname="com.testscenarios.TS_002_JRIsignin" name="f" time="31.387"/>
  <system-out/>
</testsuite> <!-- com.testscenarios.TS_002_JRIsignin -->
