<?xml version="1.0" encoding="UTF-8"?>
<!-- Generated by org.testng.reporters.JUnitReportReporter -->
<testsuite hostname="SeenaReddy" failures="0" tests="1" name="com.testscenarios.TS_001_QDsignin" time="17.738" errors="0" timestamp="2022-12-29T20:12:18 CST" skipped="0">
  <testcase classname="com.testscenarios.TS_001_QDsignin" name="f" time="17.738"/>
  <system-out/>
</testsuite> <!-- com.testscenarios.TS_001_QDsignin -->
